<?xml version="1.0" encoding="UTF-8"?>
<!-- Generated by org.testng.reporters.JUnitReportReporter -->
<testsuite hostname="DESKTOP-IHI5BUF" failures="0" tests="2" name="MyRunner.TestRunner" time="20.305" errors="0" timestamp="2025-03-21T14:57:36 IST" skipped="0">
  <testcase classname="MyRunner.TestRunner" name="runScenario" time="11.388"/>
  <system-out/>
  <testcase classname="MyRunner.TestRunner" name="runScenario" time="8.917"/>
  <system-out/>
</testsuite> <!-- MyRunner.TestRunner -->
