<?xml version="1.0" encoding="UTF-8"?>
<!-- Generated by org.testng.reporters.JUnitReportReporter -->
<testsuite hostname="DESKTOP-IHI5BUF" failures="0" tests="2" name="Testng.TestCases" time="34.333" errors="0" timestamp="2025-03-21T13:56:11 IST" skipped="0">
  <testcase classname="Testng.TestCases" name="testSignup" time="9.157"/>
  <system-out/>
  <testcase classname="Testng.TestCases" name="testLoginAndPurchaseProduct" time="25.176"/>
  <system-out/>
</testsuite> <!-- Testng.TestCases -->
